[2026-01-22 17:48:50] INFO: Bootstrap terminé. {"env":"local"}
[2026-01-22 17:49:42] INFO: Bootstrap terminé. {"env":"local"}
[2026-01-22 17:49:44] ERROR: Connexion MySQL impossible, bascule sur sqlite {"error":"SQLSTATE[HY000] [2002] Aucune connexion n’a pu être établie car l’ordinateur cible l’a expressément refusée"}
[2026-01-23 09:01:21] INFO: Bootstrap terminé. {"env":"local"}
[2026-01-23 09:01:22] ERROR: Erreur de dispatch {"exception":"Service [App\\Core\\App\\Http\\Middleware\\RequestLoggerMiddleware] non enregistré."}
[2026-01-23 09:02:19] INFO: Bootstrap terminé. {"env":"local"}
[2026-01-23 09:02:19] ERROR: Erreur de dispatch {"exception":"Service [App\\Core\\App\\Http\\Middleware\\RequestLoggerMiddleware] non enregistré."}
[2026-01-23 09:02:20] INFO: Bootstrap terminé. {"env":"local"}
[2026-01-23 09:02:20] ERROR: Erreur de dispatch {"exception":"Service [App\\Core\\App\\Http\\Middleware\\RequestLoggerMiddleware] non enregistré."}
[2026-01-23 09:05:57] INFO: Bootstrap terminé. {"env":"local"}
[2026-01-23 09:08:49] INFO: Bootstrap terminé. {"env":"local"}
[2026-01-23 09:11:05] INFO: Bootstrap terminé. {"env":"local"}
[2026-01-23 09:11:05] ERROR: Erreur de dispatch {"exception":"Service [App\\Core\\App\\Http\\Middleware\\RequestLoggerMiddleware] non enregistré."}
[2026-01-23 09:11:08] INFO: Bootstrap terminé. {"env":"local"}
[2026-01-23 09:11:08] ERROR: Erreur de dispatch {"exception":"Service [App\\Core\\App\\Http\\Middleware\\RequestLoggerMiddleware] non enregistré."}
[2026-01-23 09:11:09] INFO: Bootstrap terminé. {"env":"local"}
[2026-01-23 09:11:09] ERROR: Erreur de dispatch {"exception":"Service [App\\Core\\App\\Http\\Middleware\\RequestLoggerMiddleware] non enregistré."}
[2026-01-23 09:11:09] INFO: Bootstrap terminé. {"env":"local"}
[2026-01-23 09:11:09] ERROR: Erreur de dispatch {"exception":"Service [App\\Core\\App\\Http\\Middleware\\RequestLoggerMiddleware] non enregistré."}
[2026-01-23 09:11:09] INFO: Bootstrap terminé. {"env":"local"}
[2026-01-23 09:11:09] ERROR: Erreur de dispatch {"exception":"Service [App\\Core\\App\\Http\\Middleware\\RequestLoggerMiddleware] non enregistré."}
[2026-01-23 09:11:10] INFO: Bootstrap terminé. {"env":"local"}
[2026-01-23 09:11:10] ERROR: Erreur de dispatch {"exception":"Service [App\\Core\\App\\Http\\Middleware\\RequestLoggerMiddleware] non enregistré."}
[2026-01-23 09:12:28] INFO: Bootstrap terminé. {"env":"local"}
[2026-01-23 09:12:28] ERROR: Erreur de dispatch {"exception":"Service [App\\Core\\App\\Http\\Middleware\\RequestLoggerMiddleware] non enregistré."}
[2026-01-23 09:12:29] INFO: Bootstrap terminé. {"env":"local"}
[2026-01-23 09:12:29] ERROR: Erreur de dispatch {"exception":"Service [App\\Core\\App\\Http\\Middleware\\RequestLoggerMiddleware] non enregistré."}
[2026-01-23 09:13:52] INFO: Bootstrap terminé. {"env":"local"}
[2026-01-23 09:18:06] INFO: Bootstrap terminé. {"env":"local"}
[2026-01-23 09:18:06] ERROR: Erreur de dispatch {"exception":"Service [App\\Core\\App\\Http\\Middleware\\RequestLoggerMiddleware] non enregistré."}
[2026-01-23 09:18:14] INFO: Bootstrap terminé. {"env":"local"}
[2026-01-23 09:18:14] ERROR: Erreur de dispatch {"exception":"Service [App\\Core\\App\\Http\\Middleware\\RequestLoggerMiddleware] non enregistré."}
[2026-01-23 09:22:42] INFO: Bootstrap terminé. {"env":"local"}
[2026-01-23 09:22:42] DEBUG: Requête entrante {"method":"GET","path":"\/"}
[2026-01-23 09:22:42] ERROR: Erreur de dispatch {"exception":"SQLSTATE[HY000]: General error: 1 no such table: users"}
[2026-01-23 09:23:03] INFO: Bootstrap terminé. {"env":"local"}
[2026-01-23 09:23:03] DEBUG: Requête entrante {"method":"GET","path":"\/"}
[2026-01-23 09:23:03] ERROR: Erreur de dispatch {"exception":"SQLSTATE[HY000]: General error: 1 no such table: users"}
[2026-01-23 09:24:31] INFO: Bootstrap terminé. {"env":"local"}
[2026-01-23 09:24:31] DEBUG: Requête entrante {"method":"GET","path":"\/"}
[2026-01-23 09:24:31] ERROR: Erreur de dispatch {"exception":"SQLSTATE[HY000]: General error: 1 no such table: users"}
[2026-01-23 09:25:00] INFO: Bootstrap terminé. {"env":"local"}
[2026-01-23 09:25:00] DEBUG: Requête entrante {"method":"GET","path":"\/"}
[2026-01-23 09:25:00] ERROR: Erreur de dispatch {"exception":"SQLSTATE[HY000]: General error: 1 no such table: users"}
[2026-01-23 09:26:07] INFO: Bootstrap terminé. {"env":"local"}
[2026-01-23 09:26:24] INFO: Bootstrap terminé. {"env":"local"}
[2026-01-23 09:26:24] DEBUG: Requête entrante {"method":"GET","path":"\/"}
[2026-01-23 09:26:28] INFO: Bootstrap terminé. {"env":"local"}
[2026-01-23 09:26:34] INFO: Bootstrap terminé. {"env":"local"}
[2026-01-23 09:26:34] DEBUG: Requête entrante {"method":"GET","path":"\/"}
[2026-01-23 09:30:32] INFO: Bootstrap terminé. {"env":"local"}
[2026-01-23 09:30:32] DEBUG: Requête entrante {"method":"GET","path":"\/"}
[2026-01-23 09:33:40] INFO: Bootstrap terminé. {"env":"local"}
[2026-01-23 09:33:40] DEBUG: Requête entrante {"method":"GET","path":"\/"}
[2026-01-23 09:33:50] INFO: Bootstrap terminé. {"env":"local"}
[2026-01-24 05:05:45] INFO: Bootstrap terminé. {"env":"local"}
[2026-01-24 05:06:24] INFO: Bootstrap terminé. {"env":"local"}
[2026-01-24 05:06:24] DEBUG: Requête entrante {"method":"GET","path":"\/"}
[2026-01-24 05:07:08] INFO: Bootstrap terminé. {"env":"local"}
[2026-01-24 05:07:29] INFO: Bootstrap terminé. {"env":"local"}
[2026-01-24 05:10:26] INFO: Bootstrap terminé. {"env":"local"}
[2026-01-24 05:10:36] INFO: Bootstrap terminé. {"env":"local"}
[2026-01-24 05:10:36] DEBUG: Requête entrante {"method":"GET","path":"\/api\/users"}
[2026-01-24 05:11:14] INFO: Bootstrap terminé. {"env":"local"}
[2026-01-24 05:11:14] DEBUG: Requête entrante {"method":"GET","path":"\/"}
[2026-01-24 05:11:17] INFO: Bootstrap terminé. {"env":"local"}
[2026-01-24 05:11:17] DEBUG: Requête entrante {"method":"GET","path":"\/users"}
[2026-01-24 05:11:17] INFO: Bootstrap terminé. {"env":"local"}
[2026-01-24 05:11:17] DEBUG: Requête entrante {"method":"GET","path":"\/api\/users"}
[2026-01-24 05:11:17] INFO: Bootstrap terminé. {"env":"local"}
[2026-01-24 05:11:17] DEBUG: Requête entrante {"method":"GET","path":"\/api\/backups"}
[2026-01-24 05:11:42] INFO: Bootstrap terminé. {"env":"local"}
[2026-01-24 05:11:42] DEBUG: Requête entrante {"method":"POST","path":"\/api\/users"}
[2026-01-24 05:11:54] INFO: Bootstrap terminé. {"env":"local"}
[2026-01-24 05:11:54] DEBUG: Requête entrante {"method":"POST","path":"\/api\/backups"}
[2026-01-24 05:11:54] INFO: Bootstrap terminé. {"env":"local"}
[2026-01-24 05:11:54] DEBUG: Requête entrante {"method":"GET","path":"\/api\/backups"}
[2026-01-24 05:12:22] INFO: Bootstrap terminé. {"env":"local"}
[2026-01-24 05:12:22] DEBUG: Requête entrante {"method":"PUT","path":"\/api\/users\/1"}
[2026-01-24 05:12:23] INFO: Bootstrap terminé. {"env":"local"}
[2026-01-24 05:12:23] DEBUG: Requête entrante {"method":"GET","path":"\/api\/users"}
[2026-01-24 05:12:30] INFO: Bootstrap terminé. {"env":"local"}
[2026-01-24 05:12:30] DEBUG: Requête entrante {"method":"POST","path":"\/api\/backups"}
[2026-01-24 05:12:30] INFO: Bootstrap terminé. {"env":"local"}
[2026-01-24 05:12:30] DEBUG: Requête entrante {"method":"GET","path":"\/api\/backups"}
[2026-01-24 05:12:36] INFO: Bootstrap terminé. {"env":"local"}
[2026-01-24 05:12:36] DEBUG: Requête entrante {"method":"GET","path":"\/api\/backups\/export\/users"}
[2026-01-24 05:29:09] INFO: Bootstrap terminé. {"env":"local"}
[2026-01-24 05:29:49] INFO: Bootstrap terminé. {"env":"local"}
[2026-01-24 05:30:12] INFO: Bootstrap terminé. {"env":"local"}
[2026-01-24 05:30:12] DEBUG: Requête entrante {"method":"GET","path":"\/users"}
[2026-01-24 05:30:12] INFO: Bootstrap terminé. {"env":"local"}
[2026-01-24 05:30:12] DEBUG: Requête entrante {"method":"GET","path":"\/api\/users"}
[2026-01-24 05:30:12] INFO: Bootstrap terminé. {"env":"local"}
[2026-01-24 05:30:12] DEBUG: Requête entrante {"method":"GET","path":"\/api\/backups"}
[2026-01-24 05:30:18] INFO: Bootstrap terminé. {"env":"local"}
[2026-01-24 05:30:18] DEBUG: Requête entrante {"method":"GET","path":"\/dashboard"}
[2026-01-24 05:30:18] INFO: Bootstrap terminé. {"env":"local"}
[2026-01-24 05:30:18] DEBUG: Requête entrante {"method":"GET","path":"\/api\/auth\/me"}
[2026-01-24 05:30:18] INFO: Bootstrap terminé. {"env":"local"}
[2026-01-24 05:30:18] DEBUG: Requête entrante {"method":"GET","path":"\/api\/users"}
[2026-01-24 05:30:18] INFO: Bootstrap terminé. {"env":"local"}
[2026-01-24 05:30:18] DEBUG: Requête entrante {"method":"GET","path":"\/api\/tasks\/stats"}
[2026-01-24 05:30:28] INFO: Bootstrap terminé. {"env":"local"}
[2026-01-24 05:30:28] DEBUG: Requête entrante {"method":"GET","path":"\/users"}
[2026-01-24 05:30:28] INFO: Bootstrap terminé. {"env":"local"}
[2026-01-24 05:30:28] DEBUG: Requête entrante {"method":"GET","path":"\/api\/users"}
[2026-01-24 05:30:28] INFO: Bootstrap terminé. {"env":"local"}
[2026-01-24 05:30:28] DEBUG: Requête entrante {"method":"GET","path":"\/api\/backups"}
[2026-01-24 05:30:50] INFO: Bootstrap terminé. {"env":"local"}
[2026-01-24 05:30:50] DEBUG: Requête entrante {"method":"POST","path":"\/api\/users"}
[2026-01-24 05:30:51] INFO: Bootstrap terminé. {"env":"local"}
[2026-01-24 05:30:51] DEBUG: Requête entrante {"method":"GET","path":"\/api\/users"}
[2026-01-24 05:30:59] INFO: Bootstrap terminé. {"env":"local"}
[2026-01-24 05:30:59] DEBUG: Requête entrante {"method":"DELETE","path":"\/api\/users\/1"}
[2026-01-24 05:30:59] INFO: Bootstrap terminé. {"env":"local"}
[2026-01-24 05:30:59] DEBUG: Requête entrante {"method":"GET","path":"\/api\/users"}
[2026-01-24 05:31:03] INFO: Bootstrap terminé. {"env":"local"}
[2026-01-24 05:31:03] DEBUG: Requête entrante {"method":"DELETE","path":"\/api\/users\/2"}
[2026-01-24 05:31:04] INFO: Bootstrap terminé. {"env":"local"}
[2026-01-24 05:31:04] DEBUG: Requête entrante {"method":"GET","path":"\/api\/users"}
[2026-01-24 05:31:06] INFO: Bootstrap terminé. {"env":"local"}
[2026-01-24 05:31:06] DEBUG: Requête entrante {"method":"GET","path":"\/api\/backups"}
[2026-01-24 05:31:08] INFO: Bootstrap terminé. {"env":"local"}
[2026-01-24 05:31:08] DEBUG: Requête entrante {"method":"GET","path":"\/api\/backups"}
[2026-01-24 05:31:11] INFO: Bootstrap terminé. {"env":"local"}
[2026-01-24 05:31:11] DEBUG: Requête entrante {"method":"GET","path":"\/api\/backups"}
[2026-01-24 05:31:19] INFO: Bootstrap terminé. {"env":"local"}
[2026-01-24 05:31:19] DEBUG: Requête entrante {"method":"GET","path":"\/dashboard"}
[2026-01-24 05:31:19] INFO: Bootstrap terminé. {"env":"local"}
[2026-01-24 05:31:19] DEBUG: Requête entrante {"method":"GET","path":"\/api\/auth\/me"}
[2026-01-24 05:31:19] INFO: Bootstrap terminé. {"env":"local"}
[2026-01-24 05:31:19] DEBUG: Requête entrante {"method":"GET","path":"\/api\/users"}
[2026-01-24 05:31:19] INFO: Bootstrap terminé. {"env":"local"}
[2026-01-24 05:31:19] DEBUG: Requête entrante {"method":"GET","path":"\/api\/tasks\/stats"}
[2026-01-24 05:31:22] INFO: Bootstrap terminé. {"env":"local"}
[2026-01-24 05:31:22] DEBUG: Requête entrante {"method":"GET","path":"\/tasks"}
[2026-01-24 05:31:22] INFO: Bootstrap terminé. {"env":"local"}
[2026-01-24 05:31:22] DEBUG: Requête entrante {"method":"GET","path":"\/api\/users"}
[2026-01-24 05:31:22] INFO: Bootstrap terminé. {"env":"local"}
[2026-01-24 05:31:22] DEBUG: Requête entrante {"method":"GET","path":"\/api\/tasks"}
[2026-01-24 05:31:22] INFO: Bootstrap terminé. {"env":"local"}
[2026-01-24 05:31:22] DEBUG: Requête entrante {"method":"GET","path":"\/api\/tasks\/stats"}
<<<<<<< HEAD
[2026-01-26 09:45:31] INFO: Bootstrap terminé. {"env":"local"}
[2026-01-26 09:45:31] DEBUG: Requête entrante {"method":"GET","path":"\/"}
[2026-01-26 09:45:53] INFO: Bootstrap terminé. {"env":"local"}
[2026-01-26 09:45:53] DEBUG: Requête entrante {"method":"GET","path":"\/blog"}
[2026-01-26 09:46:12] INFO: Bootstrap terminé. {"env":"local"}
[2026-01-26 09:46:12] DEBUG: Requête entrante {"method":"GET","path":"\/api\/posts"}
[2026-01-26 09:46:19] INFO: Bootstrap terminé. {"env":"local"}
[2026-01-26 09:46:19] DEBUG: Requête entrante {"method":"GET","path":"\/blog"}
[2026-01-26 09:46:21] INFO: Bootstrap terminé. {"env":"local"}
[2026-01-26 09:46:21] DEBUG: Requête entrante {"method":"GET","path":"\/about"}
[2026-01-26 09:50:31] INFO: Bootstrap terminé. {"env":"local"}
[2026-01-26 09:50:31] DEBUG: Requête entrante {"method":"GET","path":"\/blog"}
[2026-01-26 10:08:36] INFO: Bootstrap terminé. {"env":"local"}
[2026-01-26 10:08:36] DEBUG: Requête entrante {"method":"GET","path":"\/builder"}
[2026-01-26 10:10:12] INFO: Bootstrap terminé. {"env":"local"}
[2026-01-26 10:10:12] DEBUG: Requête entrante {"method":"POST","path":"\/builder\/generate"}
[2026-01-26 10:10:15] INFO: Bootstrap terminé. {"env":"local"}
[2026-01-26 10:10:15] DEBUG: Requête entrante {"method":"POST","path":"\/builder\/generate"}
[2026-01-26 10:10:15] INFO: Bootstrap terminé. {"env":"local"}
[2026-01-26 10:10:15] DEBUG: Requête entrante {"method":"POST","path":"\/builder\/generate"}
[2026-01-26 10:10:16] INFO: Bootstrap terminé. {"env":"local"}
[2026-01-26 10:10:16] DEBUG: Requête entrante {"method":"POST","path":"\/builder\/generate"}
[2026-01-26 10:10:16] INFO: Bootstrap terminé. {"env":"local"}
[2026-01-26 10:10:16] DEBUG: Requête entrante {"method":"POST","path":"\/builder\/generate"}
[2026-01-26 10:10:16] INFO: Bootstrap terminé. {"env":"local"}
[2026-01-26 10:10:16] DEBUG: Requête entrante {"method":"POST","path":"\/builder\/generate"}
[2026-01-26 10:10:18] INFO: Bootstrap terminé. {"env":"local"}
[2026-01-26 10:10:18] DEBUG: Requête entrante {"method":"POST","path":"\/builder\/generate"}
[2026-01-26 10:10:18] INFO: Bootstrap terminé. {"env":"local"}
[2026-01-26 10:10:18] DEBUG: Requête entrante {"method":"POST","path":"\/builder\/generate"}
[2026-01-26 10:10:58] INFO: Bootstrap terminé. {"env":"local"}
[2026-01-26 10:10:58] DEBUG: Requête entrante {"method":"POST","path":"\/builder\/generate"}
[2026-01-26 10:10:59] INFO: Bootstrap terminé. {"env":"local"}
[2026-01-26 10:10:59] DEBUG: Requête entrante {"method":"POST","path":"\/builder\/generate"}
[2026-01-26 10:10:59] INFO: Bootstrap terminé. {"env":"local"}
[2026-01-26 10:10:59] DEBUG: Requête entrante {"method":"POST","path":"\/builder\/generate"}
[2026-01-26 10:10:59] INFO: Bootstrap terminé. {"env":"local"}
[2026-01-26 10:10:59] DEBUG: Requête entrante {"method":"POST","path":"\/builder\/generate"}
[2026-01-26 10:11:00] INFO: Bootstrap terminé. {"env":"local"}
[2026-01-26 10:11:00] DEBUG: Requête entrante {"method":"POST","path":"\/builder\/generate"}
[2026-01-27 21:01:11] INFO: Bootstrap terminé. {"env":"local"}
[2026-01-27 21:07:02] INFO: Bootstrap terminé. {"env":"local"}
[2026-01-27 21:07:10] INFO: Bootstrap terminé. {"env":"local"}
[2026-01-27 21:07:11] DEBUG: Requête entrante {"method":"GET","path":"\/"}
[2026-01-27 21:09:34] INFO: Bootstrap terminé. {"env":"local"}
[2026-01-27 21:09:34] DEBUG: Requête entrante {"method":"GET","path":"\/builder"}
[2026-01-27 21:10:16] INFO: Bootstrap terminé. {"env":"local"}
[2026-01-27 21:10:16] DEBUG: Requête entrante {"method":"POST","path":"\/builder\/generate"}
[2026-01-27 21:10:17] INFO: Bootstrap terminé. {"env":"local"}
[2026-01-27 21:10:17] DEBUG: Requête entrante {"method":"POST","path":"\/builder\/generate"}
[2026-01-27 21:10:17] INFO: Bootstrap terminé. {"env":"local"}
[2026-01-27 21:10:17] DEBUG: Requête entrante {"method":"POST","path":"\/builder\/generate"}
[2026-01-27 21:10:17] INFO: Bootstrap terminé. {"env":"local"}
[2026-01-27 21:10:17] DEBUG: Requête entrante {"method":"POST","path":"\/builder\/generate"}
[2026-01-27 21:10:19] INFO: Bootstrap terminé. {"env":"local"}
[2026-01-27 21:10:19] DEBUG: Requête entrante {"method":"POST","path":"\/builder\/generate"}
[2026-01-27 21:10:19] INFO: Bootstrap terminé. {"env":"local"}
[2026-01-27 21:10:19] DEBUG: Requête entrante {"method":"POST","path":"\/builder\/generate"}
[2026-01-27 21:11:53] INFO: Bootstrap terminé. {"env":"local"}
[2026-01-27 21:11:53] DEBUG: Requête entrante {"method":"GET","path":"\/admin"}
[2026-01-27 21:12:05] INFO: Bootstrap terminé. {"env":"local"}
[2026-01-27 21:12:05] DEBUG: Requête entrante {"method":"GET","path":"\/page-builder"}
[2026-01-27 21:12:05] ERROR: Erreur de dispatch {"exception":"Service [PageBuilderController] non enregistré."}
[2026-01-27 21:28:37] INFO: Bootstrap terminé. {"env":"local"}
[2026-01-27 21:28:37] DEBUG: Requête entrante {"method":"GET","path":"\/page-builder"}
[2026-01-27 21:32:17] INFO: Bootstrap terminé. {"env":"local"}
[2026-01-27 21:32:17] DEBUG: Requête entrante {"method":"POST","path":"\/page-builder\/save"}
[2026-01-27 21:32:21] INFO: Bootstrap terminé. {"env":"local"}
[2026-01-27 21:32:21] DEBUG: Requête entrante {"method":"POST","path":"\/page-builder\/save"}
[2026-01-27 21:32:23] INFO: Bootstrap terminé. {"env":"local"}
[2026-01-27 21:32:23] DEBUG: Requête entrante {"method":"POST","path":"\/page-builder\/save"}
[2026-01-27 21:41:18] INFO: Bootstrap terminé. {"env":"local"}
[2026-01-27 21:41:18] DEBUG: Requête entrante {"method":"GET","path":"\/page-builder"}
=======
[2026-01-26 08:32:39] INFO: Bootstrap terminé. {"env":"local"}
[2026-01-26 08:33:09] INFO: Bootstrap terminé. {"env":"local"}
[2026-01-26 08:33:09] DEBUG: Requête entrante {"method":"GET","path":"\/"}
[2026-01-26 08:33:09] INFO: Bootstrap terminé. {"env":"local"}
[2026-01-26 08:33:09] DEBUG: Requête entrante {"method":"GET","path":"\/"}
[2026-01-26 08:33:09] ERROR: Erreur de dispatch {"exception":"SQLSTATE[23000]: Integrity constraint violation: 19 UNIQUE constraint failed: users.email"}
[2026-01-26 08:33:10] INFO: Bootstrap terminé. {"env":"local"}
[2026-01-26 08:34:01] INFO: Bootstrap terminé. {"env":"local"}
[2026-01-26 08:34:01] DEBUG: Requête entrante {"method":"GET","path":"\/"}
[2026-01-26 08:34:01] ERROR: Erreur de dispatch {"exception":"SQLSTATE[23000]: Integrity constraint violation: 19 UNIQUE constraint failed: users.email"}
[2026-01-26 08:34:02] INFO: Bootstrap terminé. {"env":"local"}
[2026-01-26 08:34:02] DEBUG: Requête entrante {"method":"GET","path":"\/"}
[2026-01-26 08:34:02] ERROR: Erreur de dispatch {"exception":"SQLSTATE[23000]: Integrity constraint violation: 19 UNIQUE constraint failed: users.email"}
[2026-01-26 08:35:02] INFO: Bootstrap terminé. {"env":"local"}
[2026-01-26 08:35:19] INFO: Bootstrap terminé. {"env":"local"}
[2026-01-26 08:35:19] DEBUG: Requête entrante {"method":"GET","path":"\/"}
[2026-01-26 08:35:19] ERROR: Erreur de dispatch {"exception":"SQLSTATE[23000]: Integrity constraint violation: 19 UNIQUE constraint failed: users.email"}
>>>>>>> origin/feature/devcore2
[2026-01-28 20:16:25] DEBUG: Requête entrante {"method":"GET","path":"\/admin"}
[2026-01-28 20:16:28] DEBUG: Requête entrante {"method":"GET","path":"\/admin\/fifa"}
[2026-01-28 20:16:28] ERROR: Erreur de dispatch {"exception":"SQLSTATE[HY000]: General error: 1 no such table: fifas"}
[2026-01-28 20:16:32] DEBUG: Requête entrante {"method":"GET","path":"\/builder"}
[2026-01-28 20:20:08] DEBUG: Requête entrante {"method":"POST","path":"\/builder\/generate"}
[2026-01-28 20:20:08] INFO: Received body: {"entities":[{"name":"voiture","table":"voitures","fields":[{"name":"marques","type":"string","nullable":false},{"name":"caution","type":"string","nullable":false}]}]} 
[2026-01-28 20:21:38] DEBUG: Requête entrante {"method":"GET","path":"\/admin"}
[2026-01-28 20:21:41] ERROR: Erreur de dispatch {"exception":"Service [VoitureController] non enregistré."}
[2026-01-28 20:32:34] DEBUG: Requête entrante {"method":"GET","path":"\/page-builder"}
[2026-01-28 20:34:44] INFO: Received body: {"entities":[{"name":"artist","table":"artists","fields":[{"name":"name","type":"string","nullable":false},{"name":"bio","type":"text","nullable":true},{"name":"image_url","type":"string","nullable":true}]},{"name":"album","table":"albums","fields":[{"name":"name","type":"string","nullable":false},{"name":"artist_id","type":"integer","nullable":false},{"name":"release_date","type":"date","nullable":true},{"name":"cover_url","type":"string","nullable":true}]}]} 
[2026-01-28 20:37:09] INFO: Received body: {"entities":[{"name":"artist","table":"artists","fields":[{"name":"name","type":"string","nullable":false},{"name":"bio","type":"text","nullable":true},{"name":"image_url","type":"string","nullable":true}]},{"name":"album","table":"albums","fields":[{"name":"name","type":"string","nullable":false},{"name":"artist_id","type":"integer","nullable":false},{"name":"release_date","type":"date","nullable":true},{"name":"cover_url","type":"string","nullable":true}]}]} 
[2026-01-28 20:39:48] INFO: Received body: {"entities":[{"name":"artist","table":"artists","fields":[{"name":"name","type":"string","nullable":false},{"name":"bio","type":"text","nullable":true},{"name":"image_url","type":"string","nullable":true}]},{"name":"album","table":"albums","fields":[{"name":"name","type":"string","nullable":false},{"name":"artist_id","type":"integer","nullable":false},{"name":"release_date","type":"date","nullable":true},{"name":"cover_url","type":"string","nullable":true}]},{"name":"song","table":"songs","fields":[{"name":"title","type":"string","nullable":false},{"name":"album_id","type":"integer","nullable":false},{"name":"duration","type":"integer","nullable":true},{"name":"track_number","type":"integer","nullable":true},{"name":"file_url","type":"string","nullable":true}]}]} 
[2026-01-28 21:00:41] DEBUG: Requête entrante {"method":"GET","path":"\/page-builder"}
[2026-01-29 05:53:27] DEBUG: Requête entrante {"method":"GET","path":"\/"}
[2026-01-29 05:53:50] DEBUG: Requête entrante {"method":"GET","path":"\/register"}
[2026-01-29 05:57:56] DEBUG: Requête entrante {"method":"GET","path":"\/admin"}
[2026-01-29 06:03:59] DEBUG: Requête entrante {"method":"GET","path":"\/"}
[2026-01-29 06:05:21] DEBUG: Requête entrante {"method":"GET","path":"\/page-builder"}
[2026-01-29 06:05:39] INFO: Received body: {"entities":[{"name":"playlist","table":"playlists","fields":[{"name":"name","type":"string","nullable":false},{"name":"description","type":"text","nullable":true}]}]} 
[2026-01-29 06:10:38] DEBUG: Requête entrante {"method":"GET","path":"\/page-builder"}
[2026-01-29 06:11:01] DEBUG: Requête entrante {"method":"POST","path":"\/page-builder\/save"}
[2026-01-29 06:11:03] DEBUG: Requête entrante {"method":"POST","path":"\/page-builder\/save"}
[2026-01-29 06:11:04] DEBUG: Requête entrante {"method":"POST","path":"\/page-builder\/save"}
[2026-01-29 06:35:36] INFO: Received body: {"entities":[{"name":"playlist","table":"playlists","fields":[{"name":"name","type":"string","nullable":false},{"name":"description","type":"text","nullable":true}]}]} 
